# JRE version: OpenJDK Runtime Environment (15.0+36) (build 15+36-1562)
# Java VM: OpenJDK 64-Bit Server VM (15+36-1562, mixed mode, sharing, tiered, compressed oops, g1 gc, windows-amd64)
GC Precious Log:
 CPUs: 8 total, 8 available
 Memory: 7782M
 Large Page Support: Disabled
 NUMA Support: Disabled
 Compressed Oops: Enabled (32-bit)
 Heap Region Size: 1M
 Heap Min Capacity: 8M
 Heap Initial Capacity: 122M
 Heap Max Capacity: 1946M
 Pre-touch: Disabled
 Parallel Workers: 8
 Concurrent Workers: 2
 Concurrent Refinement Workers: 8
 Periodic GC: Disabled
Heap:
 garbage-first heap   total 45056K, used 33490K [0x0000000086600000, 0x0000000100000000)
  region size 1024K, 23 young (23552K), 2 survivors (2048K)
 Metaspace       used 22734K, capacity 23164K, committed 23424K, reserved 1071104K
  class space    used 2475K, capacity 2647K, committed 2688K, reserved 1048576K
GC Heap History (18 events):
Event: 1.648 GC heap before
{Heap before GC invocations=0 (full 0):
 garbage-first heap   total 124928K, used 22528K [0x0000000086600000, 0x0000000100000000)
  region size 1024K, 23 young (23552K), 0 survivors (0K)
 Metaspace       used 6494K, capacity 7891K, committed 8064K, reserved 1056768K
  class space    used 638K, capacity 773K, committed 896K, reserved 1048576K
}
Event: 1.658 GC heap after
{Heap after GC invocations=1 (full 0):
 garbage-first heap   total 124928K, used 5279K [0x0000000086600000, 0x0000000100000000)
  region size 1024K, 3 young (3072K), 3 survivors (3072K)
 Metaspace       used 6494K, capacity 7891K, committed 8064K, reserved 1056768K
  class space    used 638K, capacity 773K, committed 896K, reserved 1048576K
}
Event: 2.916 GC heap before
{Heap before GC invocations=1 (full 0):
 garbage-first heap   total 124928K, used 32927K [0x0000000086600000, 0x0000000100000000)
  region size 1024K, 30 young (30720K), 3 survivors (3072K)
 Metaspace       used 11142K, capacity 11757K, committed 12032K, reserved 1060864K
  class space    used 1112K, capacity 1196K, committed 1280K, reserved 1048576K
}
Event: 2.931 GC heap after
{Heap after GC invocations=2 (full 0):
 garbage-first heap   total 124928K, used 7196K [0x0000000086600000, 0x0000000100000000)
  region size 1024K, 2 young (2048K), 2 survivors (2048K)
 Metaspace       used 11142K, capacity 11757K, committed 12032K, reserved 1060864K
  class space    used 1112K, capacity 1196K, committed 1280K, reserved 1048576K
}
Event: 13.572 GC heap before
{Heap before GC invocations=2 (full 0):
 garbage-first heap   total 124928K, used 49180K [0x0000000086600000, 0x0000000100000000)
  region size 1024K, 44 young (45056K), 2 survivors (2048K)
 Metaspace       used 20856K, capacity 21163K, committed 21248K, reserved 1069056K
  class space    used 2364K, capacity 2497K, committed 2560K, reserved 1048576K
}
Event: 13.589 GC heap after
{Heap after GC invocations=3 (full 0):
 garbage-first heap   total 124928K, used 11359K [0x0000000086600000, 0x0000000100000000)
  region size 1024K, 6 young (6144K), 6 survivors (6144K)
 Metaspace       used 20856K, capacity 21163K, committed 21248K, reserved 1069056K
  class space    used 2364K, capacity 2497K, committed 2560K, reserved 1048576K
}
Event: 75.459 GC heap before
{Heap before GC invocations=4 (full 0):
 garbage-first heap   total 45056K, used 31839K [0x0000000086600000, 0x0000000100000000)
  region size 1024K, 26 young (26624K), 6 survivors (6144K)
 Metaspace       used 21627K, capacity 22020K, committed 22272K, reserved 1069056K
  class space    used 2427K, capacity 2557K, committed 2560K, reserved 1048576K
}
Event: 75.472 GC heap after
{Heap after GC invocations=5 (full 0):
 garbage-first heap   total 45056K, used 11674K [0x0000000086600000, 0x0000000100000000)
  region size 1024K, 1 young (1024K), 1 survivors (1024K)
 Metaspace       used 21627K, capacity 22020K, committed 22272K, reserved 1069056K
  class space    used 2427K, capacity 2557K, committed 2560K, reserved 1048576K
}
Event: 318.593 GC heap before
{Heap before GC invocations=5 (full 0):
 garbage-first heap   total 45056K, used 31130K [0x0000000086600000, 0x0000000100000000)
  region size 1024K, 20 young (20480K), 1 survivors (1024K)
 Metaspace       used 21889K, capacity 22219K, committed 22272K, reserved 1069056K
  class space    used 2435K, capacity 2558K, committed 2560K, reserved 1048576K
}
Event: 318.599 GC heap after
{Heap after GC invocations=6 (full 0):
 garbage-first heap   total 45056K, used 11583K [0x0000000086600000, 0x0000000100000000)
  region size 1024K, 1 young (1024K), 1 survivors (1024K)
 Metaspace       used 21889K, capacity 22219K, committed 22272K, reserved 1069056K
  class space    used 2435K, capacity 2558K, committed 2560K, reserved 1048576K
}
Event: 397.355 GC heap before
{Heap before GC invocations=6 (full 0):
 garbage-first heap   total 45056K, used 32063K [0x0000000086600000, 0x0000000100000000)
  region size 1024K, 21 young (21504K), 1 survivors (1024K)
 Metaspace       used 22028K, capacity 22347K, committed 22528K, reserved 1069056K
  class space    used 2436K, capacity 2558K, committed 2560K, reserved 1048576K
}
Event: 397.368 GC heap after
{Heap after GC invocations=7 (full 0):
 garbage-first heap   total 45056K, used 12009K [0x0000000086600000, 0x0000000100000000)
  region size 1024K, 2 young (2048K), 2 survivors (2048K)
 Metaspace       used 22028K, capacity 22347K, committed 22528K, reserved 1069056K
  class space    used 2436K, capacity 2558K, committed 2560K, reserved 1048576K
}
Event: 471.981 GC heap before
{Heap before GC invocations=7 (full 0):
 garbage-first heap   total 45056K, used 32489K [0x0000000086600000, 0x0000000100000000)
  region size 1024K, 22 young (22528K), 2 survivors (2048K)
 Metaspace       used 22383K, capacity 22844K, committed 22912K, reserved 1069056K
  class space    used 2457K, capacity 2634K, committed 2688K, reserved 1048576K
}
Event: 472.026 GC heap after
{Heap after GC invocations=8 (full 0):
 garbage-first heap   total 45056K, used 12294K [0x0000000086600000, 0x0000000100000000)
  region size 1024K, 2 young (2048K), 2 survivors (2048K)
 Metaspace       used 22383K, capacity 22844K, committed 22912K, reserved 1069056K
  class space    used 2457K, capacity 2634K, committed 2688K, reserved 1048576K
}
Event: 559.267 GC heap before
{Heap before GC invocations=8 (full 0):
 garbage-first heap   total 45056K, used 32774K [0x0000000086600000, 0x0000000100000000)
  region size 1024K, 22 young (22528K), 2 survivors (2048K)
 Metaspace       used 22570K, capacity 22984K, committed 23168K, reserved 1069056K
  class space    used 2469K, capacity 2635K, committed 2688K, reserved 1048576K
}
Event: 559.308 GC heap after
{Heap after GC invocations=9 (full 0):
 garbage-first heap   total 45056K, used 12702K [0x0000000086600000, 0x0000000100000000)
  region size 1024K, 2 young (2048K), 2 survivors (2048K)
 Metaspace       used 22570K, capacity 22984K, committed 23168K, reserved 1069056K
  class space    used 2469K, capacity 2635K, committed 2688K, reserved 1048576K
}
Event: 705.330 GC heap before
{Heap before GC invocations=9 (full 0):
 garbage-first heap   total 45056K, used 34206K [0x0000000086600000, 0x0000000100000000)
  region size 1024K, 23 young (23552K), 2 survivors (2048K)
 Metaspace       used 22668K, capacity 23048K, committed 23168K, reserved 1069056K
  class space    used 2469K, capacity 2635K, committed 2688K, reserved 1048576K
}
Event: 705.405 GC heap after
{Heap after GC invocations=10 (full 0):
 garbage-first heap   total 45056K, used 13010K [0x0000000086600000, 0x0000000100000000)
  region size 1024K, 2 young (2048K), 2 survivors (2048K)
 Metaspace       used 22668K, capacity 23048K, committed 23168K, reserved 1069056K
  class space    used 2469K, capacity 2635K, committed 2688K, reserved 1048576K
}

